<?xml version="1.0" encoding="UTF-8"?>
<!-- Generated by org.testng.reporters.JUnitReportReporter -->
<testsuite hostname="DESKTOP-16SPTB7" failures="0" tests="1" name="automationFramework.TestCase_with_TestNG" time="158.116" errors="0" timestamp="28 Mar 2018 16:33:24 GMT" skipped="0">
  <testcase classname="automationFramework.TestCase_with_TestNG" name="main" time="158.116"/>
</testsuite> <!-- automationFramework.TestCase_with_TestNG -->
