<?xml version="1.0" encoding="UTF-8"?>
<!-- Generated by org.testng.reporters.JUnitReportReporter -->
<testsuite hostname="DESKTOP-16SPTB7" failures="0" tests="2" name="automationFramework.Login" time="26.660" errors="0" timestamp="03 May 2018 07:43:32 GMT" skipped="0">
  <testcase classname="automationFramework.Login" name="Display" time="0.001"/>
  <testcase classname="automationFramework.Login" name="SignIn" time="26.659"/>
</testsuite> <!-- automationFramework.Login -->
