<?xml version="1.0" encoding="UTF-8"?>
<!-- Generated by org.testng.reporters.JUnitReportReporter -->
<testsuite hostname="DESKTOP-16SPTB7" failures="0" tests="1" name="automationFramework.FirstTestCase" time="77.604" errors="0" timestamp="12 Apr 2018 14:56:23 GMT" skipped="0">
  <testcase classname="automationFramework.FirstTestCase" name="main" time="77.604"/>
</testsuite> <!-- automationFramework.FirstTestCase -->
