<?xml version="1.0" encoding="UTF-8"?>
<!-- Generated by org.testng.reporters.JUnitReportReporter -->
<testsuite hostname="DESKTOP-16SPTB7" failures="0" tests="1" name="automationFramework.Reporting" time="0.000" errors="0" timestamp="18 Apr 2018 14:59:12 GMT" skipped="0">
  <testcase classname="automationFramework.Reporting" name="Report" time="0.000"/>
</testsuite> <!-- automationFramework.Reporting -->
