<?xml version="1.0" encoding="UTF-8"?>
<!-- Generated by org.testng.reporters.JUnitReportReporter -->
<testsuite hostname="DESKTOP-16SPTB7" failures="0" tests="1" name="automationFramework.TestNG_CreateXML_RunTime" time="44.696" errors="0" timestamp="17 Apr 2018 12:27:57 GMT" skipped="0">
  <testcase classname="automationFramework.TestNG_CreateXML_RunTime" name="main" time="44.696"/>
</testsuite> <!-- automationFramework.TestNG_CreateXML_RunTime -->
